<head>
    <script crossorigin="anonymous" integrity="sha256-hwg4gsxgFZhOsEEamdOYGBf13FyQuiTwlAQgxVSNgt4="
        src="https://code.jquery.com/jquery-3.2.1.min.js"></script>
    <script>
        $(document).ready(function () {
            $.ajax({
                url: window.location.protocol + "//" + window.location.hostname + "/p/personal-posts-menu.html",
                success: function (result) {
                    $("div.customTemporaryCodeHolder").html(result);
                    $("nav.customDynamicNav").html(
                        $("div.customTemporaryCodeHolder nav.customBitsWilpMenu").html()
                    );
                }
            });

            $.ajax({
                url: window.location.protocol + "//" + window.location.hostname + "/p/follow-us-on-social-media.html",

                success: function (result) {
                    $("span.customTempCodeHolderForSocialMedia").html(result);
                    $("div.customSocialMediaBtnsWrapper").html(
                        $("span.customTempCodeHolderForSocialMedia div.customSocialMediaWrapper").html()
                    );
                }

            });
        });
    </script>
    <!-- Google AdSense Using Machine Learning Code -->
    <script async src="//pagead2.googlesyndication.com/pagead/js/adsbygoogle.js"></script>
    <script>
        (adsbygoogle = window.adsbygoogle || []).push({
            google_ad_client: "ca-pub-3071098372371409",
            enable_page_level_ads: true
        });
    </script>

    <style>
        .customTempCodeHolderForSocialMedia {
            display: none;
        }

        pre {
            white-space: pre-wrap;
            white-space: -moz-pre-wrap;
            white-space: -pre-wrap;
            white-space: -o-pre-wrap;
            word-wrap: break-word;
        }

        i.ib {
            color: blue;
        }

        i.ig {
            color: green;
        }

        i.ibb {
            background-color: black;
            color: white;
            display: block;
        }

        i.ibg {
            background-color: rgb(70, 70, 70);
            color: white;
            display: block;
        }
    </style>
</head>
<div class="customTemporaryCodeHolder"> </div>
<span class="customTempCodeHolderForSocialMedia"> </span>

<nav class="customDynamicNav"> </nav> <br />
<div class="customSocialMediaBtnsWrapper"> </div> <br />
<!-- Header ends -->

<pre class="">
<b>Script: s1.py</b>
<i class="ibb">
import numpy as np
import doctest 

def factorial(n):
    """
    Test for the factorial of 3 that should pass.
    >>> factorial(3)
    6

    Test for the factorial of 0 that should fail.
    >>> factorial(0)
    1
    """
    return np.arange(1, n+1).cumprod()[-1]

doctest.testmod() </i>

<b>OUTPUT:</b>

<i class="ibg">
(base) CMD>python s1.py
**********************************************************************
File "s1.py", line 11, in __main__.factorial
Failed example:
    factorial(0)
Exception raised:
    Traceback (most recent call last):
        File "E:\programfiles\Anaconda3\lib\doctest.py", line 1329, in __run
        compileflags, 1), test.globs)
        File "&lt;doctest __main__.factorial[1]>", line 1, in &lt;module>
        factorial(0)
        File "s1.py", line 14, in factorial
        return np.arange(1, n+1).cumprod()[-1]
    IndexError: index -1 is out of bounds for axis 0 with size 0
**********************************************************************
1 items had failures:
    1 of   2 in __main__.factorial
***Test Failed*** 1 failures. </i>

<i class="ibg">
(base) CMD>python s1.py -v
Trying:
    factorial(3)
Expecting:
    6
ok
Trying:
    factorial(0)
Expecting:
    1
**********************************************************************
File "s1.py", line 11, in __main__.factorial
Failed example:
    factorial(0)
Exception raised:
    Traceback (most recent call last):
        File "E:\programfiles\Anaconda3\lib\doctest.py", line 1329, in __run
        compileflags, 1), test.globs)
        File "&lt;doctest __main__.factorial[1]>", line 1, in &lt;module>
        factorial(0)
        File "s1.py", line 14, in factorial
        return np.arange(1, n+1).cumprod()[-1]
    IndexError: index -1 is out of bounds for axis 0 with size 0
1 items had no tests:
    __main__
**********************************************************************
1 items had failures:
    1 of   2 in __main__.factorial
2 tests in 2 items.
1 passed and 1 failed.
***Test Failed*** 1 failures.
</i>

<h4>Code with two functions</h4>

<i class="ibb">import numpy as np
import doctest 

def factorial(n):
    """
    Test for the factorial of 3 that should pass.
    >>> factorial(3)
    6

    Test for the factorial of 0 that should fail.
    >>> factorial(0)
    1
    """
    return np.arange(1, n+1).cumprod()[-1]


def isEven(n):
    """
    Test that would pass
    >>> isEven(10)
    True

    Test that would fail
    >>> isEven(9)
    True

    Test that would pass
    >>> isEven(9)
    False
    """
    rtn = n % 2

    return rtn == 0
    
doctest.testmod() </i>

<b>Output</b>

<i class="ibg">
(base) CMD>python script.py
**********************************************************************
File "script.py", line 11, in __main__.factorial
Failed example:
factorial(0)
Exception raised:
Traceback (most recent call last):
    File "E:\programfiles\Anaconda3\lib\doctest.py", line 1329, in __run
    compileflags, 1), test.globs)
    File "&lt;doctest __main__.factorial[1]>", line 1, in &lt;module>
    factorial(0)
    File "script.py", line 14, in factorial
    return np.arange(1, n+1).cumprod()[-1]
IndexError: index -1 is out of bounds for axis 0 with size 0
**********************************************************************
File "script.py", line 24, in __main__.isEven
Failed example:
isEven(9)
Expected:
True
Got:
False
**********************************************************************
2 items had failures:
1 of   2 in __main__.factorial
1 of   3 in __main__.isEven
***Test Failed*** 2 failures. </i>

</pre>
<span class="" style="display: none;">Tags: Technology,Python,Machine Learning,NumPy</span>
