<head>
  <script crossorigin="anonymous" integrity="sha256-hwg4gsxgFZhOsEEamdOYGBf13FyQuiTwlAQgxVSNgt4="
      src="https://code.jquery.com/jquery-3.2.1.min.js"></script>
  <script>
      $(document).ready(function () {
          $.ajax({
              url: window.location.protocol + "//" + window.location.hostname + "/p/personal-posts-menu.html",
              success: function (result) {
                  $("div.customTemporaryCodeHolder").html(result);
                  $("nav.customDynamicNav").html(
                      $("div.customTemporaryCodeHolder nav.customBitsWilpMenu").html()
                  );
              }
          });

          $.ajax({
              url: window.location.protocol + "//" + window.location.hostname + "/p/follow-us-on-social-media.html",

              success: function (result) {
                  $("span.customTempCodeHolderForSocialMedia").html(result);
                  $("div.customSocialMediaBtnsWrapper").html(
                      $("span.customTempCodeHolderForSocialMedia div.customSocialMediaWrapper").html()
                  );
              }

          });
      }); 
  </script>
  <!-- Google AdSense Using Machine Learning Code -->
  <script async src="//pagead2.googlesyndication.com/pagead/js/adsbygoogle.js"></script>
  <script>
      (adsbygoogle = window.adsbygoogle || []).push({
          google_ad_client: "ca-pub-3071098372371409",
          enable_page_level_ads: true
      });
  </script>

  <style>
      .customTempCodeHolderForSocialMedia {
          display: none;
      }

      pre {
          white-space: pre-wrap;
          white-space: -moz-pre-wrap;
          white-space: -pre-wrap;
          white-space: -o-pre-wrap;
          word-wrap: break-word;
      }
  </style>
</head>
<div class="customTemporaryCodeHolder"> </div>
<span class="customTempCodeHolderForSocialMedia"> </span>

<nav class="customDynamicNav"> </nav> <br />
<div class="customSocialMediaBtnsWrapper"> </div> <br />
<!-- End of 'Personal Posts Menu Template For Copy-Paste'. It started from the top of the page from <HEAD> tag. -->

<pre>Before starting, a note about creating, activating, deactivating, removing a Conda environment and listing all the installed environments:

(base) CMD>conda create -n my_env_name
(base) CMD>conda activate my_env_name
(my_env_name) CMD>conda deactivate
(base) CMD>conda remove -n my_env_name --all
(base) CMD>conda env list

AFTER INSTALLATION OF "Microsoft Visual C++ 14.0" FROM "Build Tools for Visual Studio" AS WE ARE ON WINDOWS OS:

We run an env.yml file containing following code:

<i style="color: blue;">name: my_rasa_env
channels:
- conda-forge
dependencies:
- spacy
- python=3.8
- pip
- pip:
  - rasa-core</i>

-- -- -- -- -- 

(base) C:\Users\ashish\Desktop\code><i style="color: blue"><b>conda env create -f env.yml</b></i>

<i style="color: green">Collecting package metadata (repodata.json): done
Solving environment: done

Downloading and Extracting Packages
urllib3-1.26.3       | 99 KB     | #### | 100%
brotlipy-0.7.0       | 368 KB    | #### | 100%
srsly-1.0.5          | 193 KB    | #### | 100%
tqdm-4.56.0          | 76 KB     | #### | 100%
chardet-4.0.0        | 224 KB    | #### | 100%
jsonschema-3.2.0     | 45 KB     | #### | 100%
pyrsistent-0.17.3    | 92 KB     | #### | 100%
cffi-1.14.4          | 228 KB    | #### | 100%
catalogue-1.0.0      | 14 KB     | #### | 100%
pysocks-1.7.1        | 28 KB     | #### | 100%
preshed-3.0.5        | 97 KB     | #### | 100%
thinc-7.4.5          | 790 KB    | #### | 100%
spacy-2.3.5          | 7.6 MB    | #### | 100%
requests-2.25.1      | 51 KB     | #### | 100%
cymem-2.0.5          | 40 KB     | #### | 100%
importlib-metadata-3 | 21 KB     | #### | 100%
importlib_metadata-3 | 3 KB      | #### | 100%
pyopenssl-20.0.1     | 48 KB     | #### | 100%
cryptography-3.3.1   | 593 KB    | #### | 100%
numpy-1.19.5         | 4.9 MB    | #### | 100%
murmurhash-1.0.5     | 26 KB     | #### | 100%
win_inet_pton-1.1.0  | 8 KB      | #### | 100%
pip-21.0             | 1.1 MB    | #### | 100%
wasabi-0.8.1         | 22 KB     | #### | 100%
attrs-20.3.0         | 41 KB     | #### | 100%
cython-blis-0.7.4    | 5.6 MB    | #### | 100%
Preparing transaction: done
Verifying transaction: done
Executing transaction: done
Installing pip dependencies: | Ran pip subprocess with arguments:
['e:\\Anaconda3\\envs\\my_rasa_env\\python.exe', '-m', 'pip', 'install', '-U', '-r', 'C:\\Users\\ashish\\Desktop\\code\\condaenv.7w4auwk3.requirements.txt']
Pip subprocess output:
Collecting rasa-core
Using cached rasa_core-0.14.5-py3-none-any.whl (212 kB)
Collecting rocketchat-API~=0.6.0
Using cached rocketchat_API-0.6.36-py3-none-any.whl (9.5 kB)
Collecting python-socketio~=3.0
Using cached python_socketio-3.1.2-py2.py3-none-any.whl (43 kB)
Collecting colorclass~=2.2
Using cached colorclass-2.2.0.tar.gz (17 kB)
Collecting rasa-nlu~=0.15.0a1
Using cached rasa_nlu-0.15.0-py3-none-any.whl (147 kB)
Collecting rasa-core
Using cached rasa_core-0.14.4-py3-none-any.whl (212 kB)
...
Using cached rasa_core-0.12.4-py2.py3-none-any.whl (204 kB)
Collecting flask~=1.0
Using cached Flask-1.1.2-py2.py3-none-any.whl (94 kB)
Collecting webexteamssdk~=1.0
Using cached webexteamssdk-1.6-py3-none-any.whl (113 kB)
Collecting pika~=0.12.0
Using cached pika-0.12.0-py2.py3-none-any.whl (108 kB)
Collecting pymongo~=3.7
Using cached pymongo-3.11.2-cp38-cp38-win_amd64.whl (383 kB)
Requirement already satisfied: tqdm~=4.0 in e:\anaconda3\envs\my_rasa_env\lib\site-packages (from rasa-core->-r C:\Users\ashish\Desktop\code\condaenv.7w4auwk3.requirements.txt (line 1)) (4.56.0)
Collecting terminaltables~=3.1
Using cached terminaltables-3.1.0.tar.gz (12 kB)
Collecting pydot~=1.4
Using cached pydot-1.4.1-py2.py3-none-any.whl (19 kB)
Collecting networkx~=2.2
Using cached networkx-2.5-py3-none-any.whl (1.6 MB)
Collecting typing~=3.0
Using cached typing-3.7.4.3-py3-none-any.whl
Collecting ruamel.yaml~=0.15.0
Using cached ruamel.yaml-0.15.100.tar.gz (318 kB)
Collecting rasa-nlu~=0.14.0
Using cached rasa_nlu-0.14.6-py2.py3-none-any.whl (147 kB)
Collecting questionary>=1.0.1
Using cached questionary-1.9.0-py3-none-any.whl (32 kB)
Collecting pytz~=2018.4
Using cached pytz-2018.9-py2.py3-none-any.whl (510 kB)
Collecting gevent~=1.2
Using cached gevent-1.5.0-cp38-cp38-win_amd64.whl (1.6 MB)
Collecting pika~=0.11.2
Using cached pika-0.11.2-py2.py3-none-any.whl (107 kB)
Collecting pyyaml~=3.12
Using cached PyYAML-3.13.tar.gz (270 kB)
Collecting python-engineio~=3.0
Using cached python_engineio-3.14.2-py2.py3-none-any.whl (51 kB)
Collecting PyInquirer~=1.0
Using cached PyInquirer-1.0.3.tar.gz (27 kB)
Requirement already satisfied: six~=1.0 in e:\anaconda3\envs\my_rasa_env\lib\site-packages (from rasa-core->-r C:\Users\ashish\Desktop\code\condaenv.7w4auwk3.requirements.txt (line 1)) (1.15.0)
Collecting scipy~=1.1
Using cached scipy-1.6.0-cp38-cp38-win_amd64.whl (32.7 MB)
Requirement already satisfied: requests~=2.20 in e:\anaconda3\envs\my_rasa_env\lib\site-packages (from rasa-core->-r C:\Users\ashish\Desktop\code\condaenv.7w4auwk3.requirements.txt (line 1)) (2.25.1)
Collecting python-dateutil~=2.7
Using cached python_dateutil-2.8.1-py2.py3-none-any.whl (227 kB)
Collecting python-socketio~=2.0
Using cached python_socketio-2.1.2-py2.py3-none-any.whl (33 kB)
Collecting jsonpickle~=0.9.0
Using cached jsonpickle-0.9.6.tar.gz (67 kB)
Collecting mattermostwrapper~=2.0
Using cached mattermostwrapper-2.2.tar.gz (2.5 kB)
Collecting python-telegram-bot~=10.0
Using cached python_telegram_bot-10.1.0-py2.py3-none-any.whl (298 kB)
Requirement already satisfied: numpy~=1.14 in e:\anaconda3\envs\my_rasa_env\lib\site-packages (from rasa-core->-r C:\Users\ashish\Desktop\code\condaenv.7w4auwk3.requirements.txt (line 1)) (1.19.5)
Collecting twilio~=6.0
Downloading twilio-6.51.1.tar.gz (457 kB)
Collecting rasa-nlu~=0.13.0
Using cached rasa_nlu-0.13.8-py2.py3-none-any.whl (145 kB)
Collecting apscheduler~=3.0
Using cached APScheduler-3.7.0-py2.py3-none-any.whl (59 kB)
Collecting rasa-core-sdk~=0.12.1
Downloading rasa_core_sdk-0.12.2-py2.py3-none-any.whl (18 kB)
Collecting flask-cors~=3.0
Using cached Flask_Cors-3.0.10-py2.py3-none-any.whl (14 kB)
Collecting colorhash~=1.0
Using cached colorhash-1.0.3-py3-none-any.whl (4.0 kB)
Collecting pykwalify&lt;=1.6.0
Using cached pykwalify-1.6.0-py2.py3-none-any.whl (38 kB)
Collecting redis~=2.0
Using cached redis-2.10.6-py2.py3-none-any.whl (64 kB)
Collecting fakeredis~=0.10.0
Using cached fakeredis-0.10.3-py2.py3-none-any.whl (27 kB)
Collecting ConfigArgParse~=0.13.0
Using cached ConfigArgParse-0.13.0.tar.gz (31 kB)
Collecting packaging~=17.0
Using cached packaging-17.1-py2.py3-none-any.whl (24 kB)
Collecting rasa-core
Using cached rasa_core-0.12.3-py2.py3-none-any.whl (204 kB)
Using cached rasa_core-0.12.2-py2.py3-none-any.whl (203 kB)
Collecting keras~=2.0
Using cached Keras-2.4.3-py2.py3-none-any.whl (36 kB)
Collecting rasa-core
Using cached rasa_core-0.12.1-py2.py3-none-any.whl (203 kB)
Using cached rasa_core-0.12.0-py2.py3-none-any.whl (201 kB)
Using cached rasa_core-0.11.12-py2.py3-none-any.whl (179 kB)
Collecting graphviz~=0.9.0
Using cached graphviz-0.9-py2.py3-none-any.whl (16 kB)
Collecting rasa-core-sdk~=0.11.0
Using cached rasa_core_sdk-0.11.5-py2.py3-none-any.whl (14 kB)
Collecting rasa-core
Using cached rasa_core-0.11.11-py2.py3-none-any.whl (179 kB)
...
Using cached rasa_core-0.11.1-py2.py3-none-any.whl (166 kB)
Collecting slackclient~=1.0
Using cached slackclient-1.3.2.tar.gz (16 kB)
Collecting fbmessenger~=5.0
Using cached fbmessenger-5.6.0-py2.py3-none-any.whl (11 kB)
Collecting coloredlogs~=10.0
Using cached coloredlogs-10.0-py2.py3-none-any.whl (47 kB)
Collecting jsonschema~=2.6
Using cached jsonschema-2.6.0-py2.py3-none-any.whl (39 kB)
Collecting future~=0.16
Using cached future-0.18.2-py3-none-any.whl
Collecting graphviz~=0.8.0
Using cached graphviz-0.8.4-py2.py3-none-any.whl (16 kB)
Collecting h5py~=2.0
Using cached h5py-2.10.0-cp38-cp38-win_amd64.whl (2.5 MB)
Collecting rasa-core
Using cached rasa_core-0.11.0-py2.py3-none-any.whl (166 kB)
...
Using cached rasa_core-0.8.6-py2.py3-none-any.whl (103 kB)
Collecting graphviz
Using cached graphviz-0.16-py2.py3-none-any.whl (19 kB)
Collecting h5py
Using cached h5py-3.1.0-cp38-cp38-win_amd64.whl (2.7 MB)
Collecting scikit-learn
Using cached scikit_learn-0.24.1-cp38-cp38-win_amd64.whl (6.9 MB)
Collecting pandoc
Using cached pandoc-1.0.2-py3-none-any.whl
Collecting coloredlogs
Using cached coloredlogs-15.0-py2.py3-none-any.whl (45 kB)
Collecting rasa-nlu&LT;0.12.0
Using cached rasa_nlu-0.11.5-py3-none-any.whl
Collecting python-telegram-bot
Using cached python_telegram_bot-13.1-py3-none-any.whl (422 kB)
Collecting nbsphinx
Using cached nbsphinx-0.8.1-py3-none-any.whl (24 kB)
Collecting jsonpickle
Using cached jsonpickle-1.5.0-py2.py3-none-any.whl (36 kB)
Collecting fbmessenger&LT;5.0.0
Using cached fbmessenger-4.3.1-py2.py3-none-any.whl (10 kB)
Collecting fakeredis
Using cached fakeredis-1.4.5-py3-none-any.whl (35 kB)
Collecting tensorflow
Using cached tensorflow-2.4.1-cp38-cp38-win_amd64.whl (370.7 MB)
Collecting redis
Using cached redis-3.5.3-py2.py3-none-any.whl (72 kB)
Collecting slackclient
Using cached slackclient-2.9.3-py2.py3-none-any.whl (96 kB)
Collecting ruamel.yaml
Using cached ruamel.yaml-0.16.12-py2.py3-none-any.whl (111 kB)
Collecting ConfigArgParse
Using cached ConfigArgParse-1.2.3-py3-none-any.whl
Collecting docopt>=0.6.2
Using cached docopt-0.6.2-py2.py3-none-any.whl
Collecting PyYAML>=3.11
Using cached PyYAML-5.4.1-cp38-cp38-win_amd64.whl (213 kB)
Collecting gevent
Using cached gevent-21.1.2-cp38-cp38-win_amd64.whl (1.5 MB)
Collecting simplejson
Using cached simplejson-3.17.2-py3-none-any.whl
Collecting pathlib
Using cached pathlib-1.0.1-py3-none-any.whl
Requirement already satisfied: jsonschema in e:\anaconda3\envs\my_rasa_env\lib\site-packages (from rasa-nlu&LT;0.12.0->rasa-core->-r C:\Users\ashish\Desktop\code\condaenv.7w4auwk3.requirements.txt (line 1)) (3.2.0)
Collecting klein
Using cached klein-20.6.0-py2.py3-none-any.whl (118 kB)
Collecting matplotlib
Downloading matplotlib-3.3.4-cp38-cp38-win_amd64.whl (8.5 MB)
Collecting cloudpickle
Using cached cloudpickle-1.6.0-py3-none-any.whl (23 kB)
Collecting boto3
Downloading boto3-1.16.62-py2.py3-none-any.whl (130 kB)
Requirement already satisfied: urllib3&LT;1.27,>=1.21.1 in e:\anaconda3\envs\my_rasa_env\lib\site-packages (from requests~=2.20->rasa-core->-r C:\Users\ashish\Desktop\code\condaenv.7w4auwk3.requirements.txt (line 1)) (1.26.3)
Requirement already satisfied: idna&LT;3,>=2.5 in e:\anaconda3\envs\my_rasa_env\lib\site-packages (from requests~=2.20->rasa-core->-r C:\Users\ashish\Desktop\code\condaenv.7w4auwk3.requirements.txt (line 1)) (2.10)
Requirement already satisfied: certifi>=2017.4.17 in e:\anaconda3\envs\my_rasa_env\lib\site-packages (from requests~=2.20->rasa-core->-r C:\Users\ashish\Desktop\code\condaenv.7w4auwk3.requirements.txt (line 1)) (2020.12.5)
Requirement already satisfied: chardet&lt;5,>=3.0.2 in e:\anaconda3\envs\my_rasa_env\lib\site-packages (from requests~=2.20->rasa-core->-r C:\Users\ashish\Desktop\code\condaenv.7w4auwk3.requirements.txt (line 1)) (4.0.0)
Collecting pytz
Using cached pytz-2020.5-py2.py3-none-any.whl (510 kB)
Requirement already satisfied: setuptools>=0.7 in e:\anaconda3\envs\my_rasa_env\lib\site-packages (from apscheduler~=3.0->rasa-core->-r C:\Users\ashish\Desktop\code\condaenv.7w4auwk3.requirements.txt (line 1)) (49.6.0.post20210108)
Collecting tzlocal~=2.0
Using cached tzlocal-2.1-py2.py3-none-any.whl (16 kB)
Collecting s3transfer&LT;0.4.0,>=0.3.0
Using cached s3transfer-0.3.4-py2.py3-none-any.whl (69 kB)
Collecting jmespath&LT;1.0.0,>=0.7.1
Using cached jmespath-0.10.0-py2.py3-none-any.whl (24 kB)
Collecting botocore&LT;1.20.0,>=1.19.62
Downloading botocore-1.19.62-py2.py3-none-any.whl (7.2 MB)
Collecting humanfriendly>=9.1
Using cached humanfriendly-9.1-py2.py3-none-any.whl (86 kB)
Collecting pyreadline
Using cached pyreadline-2.1-py3-none-any.whl
Collecting sortedcontainers
Using cached sortedcontainers-2.3.0-py2.py3-none-any.whl (29 kB)
Collecting click>=5.1
Using cached click-7.1.2-py2.py3-none-any.whl (82 kB)
Collecting itsdangerous>=0.24
Using cached itsdangerous-1.1.0-py2.py3-none-any.whl (16 kB)
Collecting Jinja2>=2.10.1
Using cached Jinja2-2.11.2-py2.py3-none-any.whl (125 kB)
Collecting Werkzeug>=0.15
Using cached Werkzeug-1.0.1-py2.py3-none-any.whl (298 kB)
Collecting MarkupSafe>=0.23
Using cached MarkupSafe-1.1.1-cp38-cp38-win_amd64.whl (16 kB)
Requirement already satisfied: cffi>=1.12.2 in e:\anaconda3\envs\my_rasa_env\lib\site-packages (from gevent->rasa-nlu&LT;0.12.0->rasa-core->-r C:\Users\ashish\Desktop\code\condaenv.7w4auwk3.requirements.txt (line 1)) (1.14.4)
Collecting zope.event
Using cached zope.event-4.5.0-py2.py3-none-any.whl (6.8 kB)
Collecting zope.interface
Using cached zope.interface-5.2.0-cp38-cp38-win_amd64.whl (196 kB)
Collecting greenlet&LT;2.0,>=0.4.17
Using cached greenlet-1.0.0-cp38-cp38-win_amd64.whl (95 kB)
Requirement already satisfied: pycparser in e:\anaconda3\envs\my_rasa_env\lib\site-packages (from cffi>=1.12.2->gevent->rasa-nlu&LT;0.12.0->rasa-core->-r C:\Users\ashish\Desktop\code\condaenv.7w4auwk3.requirements.txt (line 1)) (2.20)
Requirement already satisfied: pyrsistent>=0.14.0 in e:\anaconda3\envs\my_rasa_env\lib\site-packages (from jsonschema->rasa-nlu&LT;0.12.0->rasa-core->-r C:\Users\ashish\Desktop\code\condaenv.7w4auwk3.requirements.txt (line 1)) (0.17.3)
Requirement already satisfied: attrs>=17.4.0 in e:\anaconda3\envs\my_rasa_env\lib\site-packages (from jsonschema->rasa-nlu&LT;0.12.0->rasa-core->-r C:\Users\ashish\Desktop\code\condaenv.7w4auwk3.requirements.txt (line 1)) (20.3.0)
Collecting Twisted>=15.5
Using cached Twisted-20.3.0.tar.bz2 (3.1 MB)
Collecting incremental
Using cached incremental-17.5.0-py2.py3-none-any.whl (16 kB)
Collecting hyperlink
Using cached hyperlink-21.0.0-py2.py3-none-any.whl (74 kB)
Collecting Tubes
Using cached Tubes-0.2.0-py2.py3-none-any.whl (58 kB)
Collecting constantly>=15.1
Using cached constantly-15.1.0-py2.py3-none-any.whl (7.9 kB)
Collecting Automat>=0.3.0
Using cached Automat-20.2.0-py2.py3-none-any.whl (31 kB)
Collecting PyHamcrest!=1.10.0,>=1.9.0
Using cached PyHamcrest-2.0.2-py3-none-any.whl (52 kB)
Collecting kiwisolver>=1.0.1
Using cached kiwisolver-1.3.1-cp38-cp38-win_amd64.whl (51 kB)
Collecting pillow>=6.2.0
Using cached Pillow-8.1.0-cp38-cp38-win_amd64.whl (2.2 MB)
Collecting pyparsing!=2.0.4,!=2.1.2,!=2.1.6,>=2.0.3
Using cached pyparsing-2.4.7-py2.py3-none-any.whl (67 kB)
Collecting cycler>=0.10
Using cached cycler-0.10.0-py2.py3-none-any.whl (6.5 kB)
Collecting traitlets
Using cached traitlets-5.0.5-py3-none-any.whl (100 kB)
Collecting sphinx>=1.8
Using cached Sphinx-3.4.3-py3-none-any.whl (2.9 MB)
Collecting nbconvert!=5.4
Using cached nbconvert-6.0.7-py3-none-any.whl (552 kB)
Collecting nbformat
Using cached nbformat-5.1.2-py3-none-any.whl (113 kB)
Collecting docutils
Using cached docutils-0.16-py2.py3-none-any.whl (548 kB)
Collecting nbclient&LT;0.6.0,>=0.5.0
Using cached nbclient-0.5.1-py3-none-any.whl (65 kB)
Collecting entrypoints>=0.2.2
Using cached entrypoints-0.3-py2.py3-none-any.whl (11 kB)
Collecting mistune&LT;2,>=0.8.1
Using cached mistune-0.8.4-py2.py3-none-any.whl (16 kB)
Collecting testpath
Using cached testpath-0.4.4-py2.py3-none-any.whl (163 kB)
Collecting defusedxml
Using cached defusedxml-0.6.0-py2.py3-none-any.whl (23 kB)
Collecting jupyter-core
Using cached jupyter_core-4.7.0-py3-none-any.whl (82 kB)
Collecting bleach
Downloading bleach-3.2.3-py2.py3-none-any.whl (146 kB)
Collecting pygments>=2.4.1
Using cached Pygments-2.7.4-py3-none-any.whl (950 kB)
Collecting jupyterlab-pygments
Using cached jupyterlab_pygments-0.1.2-py2.py3-none-any.whl (4.6 kB)
Collecting pandocfilters>=1.4.1
Using cached pandocfilters-1.4.3-py3-none-any.whl
Collecting nest-asyncio
Downloading nest_asyncio-1.5.1-py3-none-any.whl (5.0 kB)
Collecting jupyter-client>=6.1.5
Using cached jupyter_client-6.1.11-py3-none-any.whl (108 kB)
Collecting async-generator
Using cached async_generator-1.10-py3-none-any.whl (18 kB)
Collecting pyzmq>=13
Downloading pyzmq-22.0.1-cp38-cp38-win_amd64.whl (1.2 MB)
Collecting tornado>=4.1
Using cached tornado-6.1-cp38-cp38-win_amd64.whl (422 kB)
Collecting pywin32>=1.0
Using cached pywin32-300-cp38-cp38-win_amd64.whl (9.3 MB)
Collecting ipython-genutils
Using cached ipython_genutils-0.2.0-py2.py3-none-any.whl (26 kB)
Collecting babel>=1.3
Using cached Babel-2.9.0-py2.py3-none-any.whl (8.8 MB)
Collecting sphinxcontrib-qthelp
Using cached sphinxcontrib_qthelp-1.0.3-py2.py3-none-any.whl (90 kB)
Collecting packaging
Using cached packaging-20.8-py2.py3-none-any.whl (39 kB)
Collecting sphinxcontrib-serializinghtml
Using cached sphinxcontrib_serializinghtml-1.1.4-py2.py3-none-any.whl (89 kB)
Collecting sphinxcontrib-devhelp
Using cached sphinxcontrib_devhelp-1.0.2-py2.py3-none-any.whl (84 kB)
Collecting sphinxcontrib-htmlhelp
Using cached sphinxcontrib_htmlhelp-1.0.3-py2.py3-none-any.whl (96 kB)
Collecting snowballstemmer>=1.1
Using cached snowballstemmer-2.1.0-py2.py3-none-any.whl (93 kB)
Collecting alabaster&LT;0.8,>=0.7
Using cached alabaster-0.7.12-py2.py3-none-any.whl (14 kB)
Collecting colorama>=0.3.5
Using cached colorama-0.4.4-py2.py3-none-any.whl (16 kB)
Collecting imagesize
Using cached imagesize-1.2.0-py2.py3-none-any.whl (4.8 kB)
Collecting sphinxcontrib-applehelp
Using cached sphinxcontrib_applehelp-1.0.2-py2.py3-none-any.whl (121 kB)
Collecting sphinxcontrib-jsmath
Using cached sphinxcontrib_jsmath-1.0.1-py2.py3-none-any.whl (5.1 kB)
Collecting webencodings
Using cached webencodings-0.5.1-py2.py3-none-any.whl (11 kB)
Collecting decorator>=4.3.0
Using cached decorator-4.4.2-py2.py3-none-any.whl (9.2 kB)
Collecting ply
Using cached ply-3.11-py2.py3-none-any.whl (49 kB)
Collecting apscheduler
Using cached APScheduler-3.6.3-py2.py3-none-any.whl (58 kB)
Requirement already satisfied: cryptography in e:\anaconda3\envs\my_rasa_env\lib\site-packages (from python-telegram-bot->rasa-core->-r C:\Users\ashish\Desktop\code\condaenv.7w4auwk3.requirements.txt (line 1)) (3.3.1)
Collecting ruamel.yaml.clib>=0.1.2
Using cached ruamel.yaml.clib-0.2.2-cp38-cp38-win_amd64.whl (120 kB)
Collecting threadpoolctl>=2.0.0
Using cached threadpoolctl-2.1.0-py3-none-any.whl (12 kB)
Collecting joblib>=0.11
Using cached joblib-1.0.0-py3-none-any.whl (302 kB)
Collecting aiohttp&LT;4.0.0,>3.5.2
Using cached aiohttp-3.7.3-cp38-cp38-win_amd64.whl (634 kB)
Collecting chardet&LT;5,>=3.0.2
Using cached chardet-3.0.4-py2.py3-none-any.whl (133 kB)
Collecting yarl&LT;2.0,>=1.0
Using cached yarl-1.6.3-cp38-cp38-win_amd64.whl (125 kB)
Collecting typing-extensions>=3.6.5
Using cached typing_extensions-3.7.4.3-py3-none-any.whl (22 kB)
Collecting multidict&LT;7.0,>=4.5
Using cached multidict-5.1.0-cp38-cp38-win_amd64.whl (48 kB)
Collecting async-timeout&LT;4.0,>=3.0
Using cached async_timeout-3.0.1-py3-none-any.whl (8.2 kB)
Collecting protobuf>=3.9.2
Using cached protobuf-3.14.0-py2.py3-none-any.whl (173 kB)
Collecting termcolor~=1.1.0
Using cached termcolor-1.1.0-py3-none-any.whl
Requirement already satisfied: wheel~=0.35 in e:\anaconda3\envs\my_rasa_env\lib\site-packages (from tensorflow->rasa-core->-r C:\Users\ashish\Desktop\code\condaenv.7w4auwk3.requirements.txt (line 1)) (0.36.2)
Collecting google-pasta~=0.2
Using cached google_pasta-0.2.0-py3-none-any.whl (57 kB)
Collecting opt-einsum~=3.3.0
Using cached opt_einsum-3.3.0-py3-none-any.whl (65 kB)
Collecting wrapt~=1.12.1
Using cached wrapt-1.12.1-py3-none-any.whl
Collecting flatbuffers~=1.12.0
Using cached flatbuffers-1.12-py2.py3-none-any.whl (15 kB)
Collecting keras-preprocessing~=1.1.2
Using cached Keras_Preprocessing-1.1.2-py2.py3-none-any.whl (42 kB)
Collecting tensorboard~=2.4
Using cached tensorboard-2.4.1-py3-none-any.whl (10.6 MB)
Collecting gast==0.3.3
Using cached gast-0.3.3-py2.py3-none-any.whl (9.7 kB)
Collecting tensorflow-estimator&LT;2.5.0,>=2.4.0
Using cached tensorflow_estimator-2.4.0-py2.py3-none-any.whl (462 kB)
Collecting grpcio~=1.32.0
Using cached grpcio-1.32.0-cp38-cp38-win_amd64.whl (2.6 MB)
Collecting astunparse~=1.6.3
Using cached astunparse-1.6.3-py2.py3-none-any.whl (12 kB)
Collecting absl-py~=0.10
Using cached absl_py-0.11.0-py3-none-any.whl (127 kB)
Collecting google-auth&LT;2,>=1.6.3
Using cached google_auth-1.24.0-py2.py3-none-any.whl (114 kB)
Collecting google-auth-oauthlib&LT;0.5,>=0.4.1
Using cached google_auth_oauthlib-0.4.2-py2.py3-none-any.whl (18 kB)
Collecting markdown>=2.6.8
Using cached Markdown-3.3.3-py3-none-any.whl (96 kB)
Collecting tensorboard-plugin-wit>=1.6.0
Using cached tensorboard_plugin_wit-1.8.0-py3-none-any.whl (781 kB)
Collecting pyasn1-modules>=0.2.1
Using cached pyasn1_modules-0.2.8-py2.py3-none-any.whl (155 kB)
Collecting cachetools&LT;5.0,>=2.0.0
Using cached cachetools-4.2.1-py3-none-any.whl (12 kB)
Collecting rsa&LT;5,>=3.1.4
Using cached rsa-4.7-py3-none-any.whl (34 kB)
Collecting requests-oauthlib>=0.7.0
Using cached requests_oauthlib-1.3.0-py2.py3-none-any.whl (23 kB)
Collecting pyasn1&LT;0.5.0,>=0.4.6
Using cached pyasn1-0.4.8-py2.py3-none-any.whl (77 kB)
Collecting oauthlib>=3.0.0
Using cached oauthlib-3.1.0-py2.py3-none-any.whl (147 kB)
Collecting characteristic
Using cached characteristic-14.3.0-py2.py3-none-any.whl (15 kB)
Building wheels for collected packages: Twisted
Building wheel for Twisted (setup.py): started
Building wheel for Twisted (setup.py): still running...
Building wheel for Twisted (setup.py): finished with status 'done'
Created wheel for Twisted: filename=Twisted-20.3.0-cp38-cp38-win_amd64.whl size=3098905 sha256=6eca0e3e573f4230d113548152f64c5aec4d0e7fa2d95b78caeaa5220de02bc9
Stored in directory: c:\users\ashish\appdata\local\pip\cache\wheels\f2\36\1b\99fe6d339e1559e421556c69ad7bc8c869145e86a756c403f4
Successfully built Twisted
Installing collected packages: ipython-genutils, traitlets, pywin32, pyasn1, chardet, zope.interface, tornado, rsa, pyzmq, python-dateutil, pyparsing, PyHamcrest, pyasn1-modules, oauthlib, jupyter-core, jmespath, incremental, hyperlink, constantly, cachetools, Automat, webencodings, Twisted, requests-oauthlib, pytz, pygments, packaging, nest-asyncio, nbformat, multidict, MarkupSafe, jupyter-client, google-auth, characteristic, botocore, async-generator, zope.event, yarl, Werkzeug, tzlocal, typing-extensions, Tubes, testpath, tensorboard-plugin-wit, sphinxcontrib-serializinghtml, sphinxcontrib-qthelp, sphinxcontrib-jsmath, sphinxcontrib-htmlhelp, sphinxcontrib-devhelp, sphinxcontrib-applehelp, snowballstemmer, s3transfer, pyreadline, protobuf, pillow, pandocfilters, nbclient, mistune, markdown, kiwisolver, jupyterlab-pygments, Jinja2, imagesize, grpcio, greenlet, google-auth-oauthlib, entrypoints, docutils, defusedxml, cycler, colorama, bleach, babel, async-timeout, alabaster, absl-py, wrapt, typing, threadpoolctl, termcolor, tensorflow-estimator, tensorboard, sphinx, sortedcontainers, simplejson, scipy, ruamel.yaml.clib, redis, PyYAML, ply, pathlib, opt-einsum, nbconvert, matplotlib, klein, keras-preprocessing, joblib, itsdangerous, humanfriendly, h5py, google-pasta, gevent, gast, future, flatbuffers, docopt, decorator, cloudpickle, click, boto3, astunparse, apscheduler, aiohttp, tensorflow, slackclient, scikit-learn, ruamel.yaml, rasa-nlu, python-telegram-bot, pykwalify, pandoc, networkx, nbsphinx, keras, jsonpickle, graphviz, flask, fbmessenger, fakeredis, ConfigArgParse, coloredlogs, rasa-core
Attempting uninstall: chardet
  Found existing installation: chardet 4.0.0
  Uninstalling chardet-4.0.0:
    Successfully uninstalled chardet-4.0.0
Successfully installed Automat-20.2.0 ConfigArgParse-1.2.3 Jinja2-2.11.2 MarkupSafe-1.1.1 PyHamcrest-2.0.2 PyYAML-5.4.1 Tubes-0.2.0 Twisted-20.3.0 Werkzeug-1.0.1 absl-py-0.11.0 aiohttp-3.7.3 alabaster-0.7.12 apscheduler-3.6.3 astunparse-1.6.3 async-generator-1.10 async-timeout-3.0.1 babel-2.9.0 bleach-3.2.3 boto3-1.16.62 botocore-1.19.62 cachetools-4.2.1 characteristic-14.3.0 chardet-3.0.4 click-7.1.2 cloudpickle-1.6.0 colorama-0.4.4 coloredlogs-15.0 constantly-15.1.0 cycler-0.10.0 decorator-4.4.2 defusedxml-0.6.0 docopt-0.6.2 docutils-0.16 entrypoints-0.3 fakeredis-1.4.5 fbmessenger-4.3.1 flask-1.1.2 flatbuffers-1.12 future-0.18.2 gast-0.3.3 gevent-21.1.2 google-auth-1.24.0 google-auth-oauthlib-0.4.2 google-pasta-0.2.0 graphviz-0.16 greenlet-1.0.0 grpcio-1.32.0 h5py-2.10.0 humanfriendly-9.1 hyperlink-21.0.0 imagesize-1.2.0 incremental-17.5.0 ipython-genutils-0.2.0 itsdangerous-1.1.0 jmespath-0.10.0 joblib-1.0.0 jsonpickle-1.5.0 jupyter-client-6.1.11 jupyter-core-4.7.0 jupyterlab-pygments-0.1.2 keras-2.4.3 keras-preprocessing-1.1.2 kiwisolver-1.3.1 klein-20.6.0 markdown-3.3.3 matplotlib-3.3.4 mistune-0.8.4 multidict-5.1.0 nbclient-0.5.1 nbconvert-6.0.7 nbformat-5.1.2 nbsphinx-0.8.1 nest-asyncio-1.5.1 networkx-2.5 oauthlib-3.1.0 opt-einsum-3.3.0 packaging-20.8 pandoc-1.0.2 pandocfilters-1.4.3 pathlib-1.0.1 pillow-8.1.0 ply-3.11 protobuf-3.14.0 pyasn1-0.4.8 pyasn1-modules-0.2.8 pygments-2.7.4 pykwalify-1.6.0 pyparsing-2.4.7 pyreadline-2.1 python-dateutil-2.8.1 python-telegram-bot-13.1 pytz-2020.5 pywin32-300 pyzmq-22.0.1 rasa-core-0.8.6 rasa-nlu-0.11.5 redis-3.5.3 requests-oauthlib-1.3.0 rsa-4.7 ruamel.yaml-0.16.12 ruamel.yaml.clib-0.2.2 s3transfer-0.3.4 scikit-learn-0.24.1 scipy-1.6.0 simplejson-3.17.2 slackclient-2.9.3 snowballstemmer-2.1.0 sortedcontainers-2.3.0 sphinx-3.4.3 sphinxcontrib-applehelp-1.0.2 sphinxcontrib-devhelp-1.0.2 sphinxcontrib-htmlhelp-1.0.3 sphinxcontrib-jsmath-1.0.1 sphinxcontrib-qthelp-1.0.3 sphinxcontrib-serializinghtml-1.1.4 tensorboard-2.4.1 tensorboard-plugin-wit-1.8.0 tensorflow-2.4.1 tensorflow-estimator-2.4.0 termcolor-1.1.0 testpath-0.4.4 threadpoolctl-2.1.0 tornado-6.1 traitlets-5.0.5 typing-3.7.4.3 typing-extensions-3.7.4.3 tzlocal-2.1 webencodings-0.5.1 wrapt-1.12.1 yarl-1.6.3 zope.event-4.5.0 zope.interface-5.2.0

done
#
# To activate this environment, use
#
#     $ conda activate my_rasa_env
#
# To deactivate an active environment, use
#
#     $ conda deactivate </i>

- - -

(base) C:\Users\ashish>conda activate my_rasa_env

(my_rasa_env) C:\Users\ashish>pip show rasa_core
<i style="color: green;">Name: rasa-core
Version: 0.8.6
Summary: Machine learning based dialogue engine for conversational software.
Home-page: https://rasa.ai
Author: Rasa Technologies GmbH
Author-email: hi@rasa.ai
License: UNKNOWN
Location: e:\anaconda3\envs\my_rasa_env\lib\site-packages
Requires: tqdm, python-telegram-bot, pandoc, tensorflow, redis, Keras, coloredlogs, fbmessenger, pykwalify, scikit-learn, six, numpy, flask, graphviz, slackclient, apscheduler, nbsphinx, fakeredis, future, rasa-nlu, ConfigArgParse, jsonpickle, requests, ruamel.yaml, typing, h5py, networkx
Required-by: </i>

(my_rasa_env) C:\Users\ashish>pip show rasa_nlu
<i style="color: green;">Name: rasa-nlu
Version: 0.11.5
Summary: Rasa NLU a natural language parser for bots
Home-page: https://rasa.com
Author: Alan Nichol
Author-email: alan@rasa.ai
License: UNKNOWN
Location: e:\anaconda3\envs\my_rasa_env\lib\site-packages
Requires: tqdm, matplotlib, numpy, klein, cloudpickle, boto3, typing, jsonschema, future, gevent, six, simplejson, pathlib, requests
Required-by: rasa-core</i>

(my_rasa_env) C:\Users\ashish>pip show rasa
<i style="color: red;">WARNING: Package(s) not found: rasa</i>

<b>We encountered some errors during our attempts to install RASA, following are the error logs and resolutions.

1: Erroneous code for environment "env.yml" as "rasa" is not available in channel "conda-forge":</b>

<i style="color: blue;">name: rasa
channels:
- conda-forge
dependencies:
- pip
- rasa </i>

ERROR:

<i style="color: green">(base) C:\Users\ashish\Desktop\code>conda env create -f env.yml
Collecting package metadata (repodata.json): done
Solving environment: failed

ResolvePackageNotFound:
- rasa </i>

<i style="color: green;">(base) C:\Users\ashish\Desktop\code>conda create -n erasa rasa</i>
<i style="color: red;">Collecting package metadata (current_repodata.json): done
Solving environment: failed with repodata from current_repodata.json, will retry with next repodata source.
Collecting package metadata (repodata.json): done
Solving environment: failed

PackagesNotFoundError: The following packages are not available from current channels:

- rasa

Current channels:

- https://repo.anaconda.com/pkgs/main/win-64
- https://repo.anaconda.com/pkgs/main/noarch
- https://repo.anaconda.com/pkgs/r/win-64
- https://repo.anaconda.com/pkgs/r/noarch
- https://repo.anaconda.com/pkgs/msys2/win-64
- https://repo.anaconda.com/pkgs/msys2/noarch

To search for alternate channels that may provide the conda package you're
looking for, navigate to

  https://anaconda.org

and use the search bar at the top of the page. </i>
  
<b class="">2: Erroneous code for installing "rasa" through "pip":</b>

The RASA documentations says this: You can install RASA using "pip3 install rasa" [ Ref: <a href="https://rasa.com/docs/rasa/installation/" target="_blank">RASA</a> ] 

ENV.YML:
<i style="color: blue;">name: rasa
channels:
- conda-forge
dependencies:
- pip
- pip:
  - rasa</i>

Point to note: It does download "rasa-core" and "rasa-nlu", that too a couple dozen versions.

(base) C:\Users\ashish\Desktop\code>conda env create -f env.yml
<i style="color: red;">Collecting package metadata (repodata.json): done
Solving environment: done

Downloading and Extracting Packages
wheel-0.36.2         | 31 KB     | #### | 100%
wincertstore-0.2     | 15 KB     | #### | 100%
vs2015_runtime-14.28 | 1.4 MB    | #### | 100%
pip-21.0             | 1.1 MB    | #### | 100%
sqlite-3.34.0        | 1.2 MB    | #### | 100%
certifi-2020.12.5    | 144 KB    | #### | 100%
tzdata-2020f         | 121 KB    | #### | 100%
python_abi-3.9       | 4 KB      | #### | 100%
vc-14.2              | 12 KB     | #### | 100%
python-3.9.1         | 19.9 MB   | #### | 100%
setuptools-49.6.0    | 954 KB    | #### | 100%
Preparing transaction: done
Verifying transaction: done
Executing transaction: done
Installing pip dependencies: - Ran pip subprocess with arguments:
['e:\\Anaconda3\\envs\\rasa\\python.exe', '-m', 'pip', 'install', '-U', '-r', 'C:\\Users\\ashish\\Desktop\\code\\condaenv.fjji_o0b.requirements.txt']
Pip subprocess output:
Downloading rasa-1.10.2-py3-none-any.whl (510 kB)
Downloading pykwalify-1.7.0-py2.py3-none-any.whl (40 kB)
Downloading cloudpickle-1.3.0-py2.py3-none-any.whl (26 kB)
Downloading colorclass-2.2.0.tar.gz (17 kB)
Downloading matplotlib-3.2.2-cp39-cp39-win_amd64.whl (8.9 MB)
Downloading pytz-2019.3-py2.py3-none-any.whl (509 kB)
Downloading networkx-2.4-py3-none-any.whl (1.6 MB)
Downloading sanic-19.12.4-py3-none-any.whl (73 kB)
Downloading tensorflow_estimator-2.1.0-py2.py3-none-any.whl (448 kB)
Downloading absl-py-0.9.0.tar.gz (104 kB)
Downloading boto3-1.16.59-py2.py3-none-any.whl (130 kB)
Downloading python_engineio-3.12.1-py2.py3-none-any.whl (49 kB)
Downloading numpy-1.19.5-cp39-cp39-win_amd64.whl (13.3 MB)
Downloading SQLAlchemy-1.3.22-cp39-cp39-win_amd64.whl (1.2 MB)
Downloading fbmessenger-6.0.0-py2.py3-none-any.whl (11 kB)
Downloading kafka_python-1.4.7-py2.py3-none-any.whl (266 kB)
Downloading pydot-1.4.1-py2.py3-none-any.whl (19 kB)
Downloading questionary-1.5.2-py3-none-any.whl (26 kB)
Downloading async_generator-1.10-py3-none-any.whl (18 kB)
Downloading webexteamssdk-1.3.tar.gz (56 kB)
Using cached python_dateutil-2.8.1-py2.py3-none-any.whl (227 kB)
Downloading tensorflow_probability-0.9.0-py2.py3-none-any.whl (3.2 MB)
Using cached oauth2client-4.1.3-py2.py3-none-any.whl (98 kB)
Downloading ruamel.yaml-0.16.12-py2.py3-none-any.whl (111 kB)
Downloading PyJWT-1.7.1-py2.py3-none-any.whl (18 kB)
Downloading Sanic_Cors-0.10.0.post3-py2.py3-none-any.whl (17 kB)
Downloading ujson-2.0.3.tar.gz (7.1 MB)
Installing build dependencies: started
Installing build dependencies: finished with status 'done'
Getting requirements to build wheel: started
Getting requirements to build wheel: finished with status 'done'
Installing backend dependencies: started
Installing backend dependencies: finished with status 'done'
  Preparing wheel metadata: started
  Preparing wheel metadata: finished with status 'done'

Downloading requests-2.25.1-py2.py3-none-any.whl (61 kB)
Downloading terminaltables-3.1.0.tar.gz (12 kB)
Downloading tensorflow_hub-0.8.0-py2.py3-none-any.whl (101 kB)
Downloading rasa_sdk-1.10.3-py3-none-any.whl (39 kB)
Downloading coloredlogs-10.0-py2.py3-none-any.whl (47 kB)
Downloading pika-1.1.0-py2.py3-none-any.whl (148 kB)
Downloading rasa-1.10.1-py3-none-any.whl (509 kB)
Downloading rasa-1.10.0-py3-none-any.whl (509 kB)
Downloading rasa-1.9.7-py3-none-any.whl (497 kB)
Downloading tensorflow_hub-0.7.0-py2.py3-none-any.whl (89 kB)
Downloading python_engineio-3.11.2-py2.py3-none-any.whl (49 kB)
Requirement already satisfied: setuptools>=41.0.0 in e:\anaconda3\envs\rasa\lib\site-packages (from rasa->-r C:\Users\ashish\Desktop\code\condaenv.fjji_o0b.requirements.txt (line 1)) (49.6.0.post20210108)
Downloading rocketchat_API-0.6.36-py3-none-any.whl (9.5 kB)
Downloading ruamel.yaml-0.15.100.tar.gz (318 kB)
Downloading matplotlib-3.1.3.tar.gz (40.9 MB)
Downloading webexteamssdk-1.1.1.tar.gz (48 kB)
Downloading rasa-1.9.6-py3-none-any.whl (497 kB)
Downloading rasa-1.9.5-py3-none-any.whl (496 kB)
Downloading rasa-1.9.4-py3-none-any.whl (495 kB)
Downloading rasa-1.9.3-py3-none-any.whl (495 kB)
Downloading rasa-1.9.2-py3-none-any.whl (495 kB)
Downloading rasa-1.9.1-py3-none-any.whl (495 kB)
Downloading rasa-1.9.0-py3-none-any.whl (495 kB)
Downloading rasa-1.8.3-py3-none-any.whl (483 kB)
Downloading rasa-1.8.2-py3-none-any.whl (483 kB)
Downloading rasa-1.8.1-py3-none-any.whl (481 kB)
Downloading rasa-1.8.0-py3-none-any.whl (481 kB)
Downloading rasa-1.7.4-py3-none-any.whl (575 kB)
Using cached jsonschema-3.2.0-py2.py3-none-any.whl (56 kB)
Downloading slackclient-1.3.2.tar.gz (16 kB)
Downloading cloudpickle-1.2.2-py2.py3-none-any.whl (25 kB)
Downloading packaging-19.2-py2.py3-none-any.whl (30 kB)
Downloading colorhash-1.0.3-py3-none-any.whl (4.0 kB)
Downloading pika-1.0.1-py2.py3-none-any.whl (148 kB)
Downloading python_socketio-5.0.4-py2.py3-none-any.whl (52 kB)
Downloading sklearn_crfsuite-0.3.6-py2.py3-none-any.whl (12 kB)
Downloading aiohttp-3.7.3-cp39-cp39-win_amd64.whl (633 kB)
Downloading gym-0.15.4.tar.gz (1.6 MB)
Downloading gevent-1.5.0.tar.gz (5.3 MB)
Installing build dependencies: started
Installing build dependencies: finished with status 'done'
Getting requirements to build wheel: started
Getting requirements to build wheel: finished with status 'done'
  Preparing wheel metadata: started
  Preparing wheel metadata: finished with status 'done'
Downloading sanic-jwt-1.6.0.tar.gz (19 kB)
Downloading tensorflow_probability-0.7.0-py2.py3-none-any.whl (981 kB)
Downloading gast-0.2.2.tar.gz (10 kB)
Downloading twilio-6.51.0.tar.gz (457 kB)
Downloading matplotlib-3.3.3-cp39-cp39-win_amd64.whl (8.5 MB)
Downloading scikit-learn-0.20.4.tar.gz (11.7 MB)
Downloading python_engineio-4.0.0-py2.py3-none-any.whl (50 kB)
Downloading redis-3.3.11-py2.py3-none-any.whl (66 kB)
Downloading prompt_toolkit-2.0.10-py3-none-any.whl (340 kB)
Downloading mattermostwrapper-2.2.tar.gz (2.5 kB)
Downloading tqdm-4.56.0-py2.py3-none-any.whl (72 kB)
Downloading webexteamssdk-1.6-py3-none-any.whl (113 kB)
Downloading Sanic_Cors-0.9.9.post1-py2.py3-none-any.whl (16 kB)
Downloading attrs-20.3.0-py2.py3-none-any.whl (49 kB)
Downloading tensor2tensor-1.14.1-py2.py3-none-any.whl (1.6 MB)
Downloading sanic-19.9.0-py3-none-any.whl (73 kB)
Downloading APScheduler-3.7.0-py2.py3-none-any.whl (59 kB)
Downloading jsonpickle-1.5.0-py2.py3-none-any.whl (36 kB)
Downloading scipy-1.6.0-cp39-cp39-win_amd64.whl (32.7 MB)
Downloading python_telegram_bot-11.1.0-py2.py3-none-any.whl (326 kB)

Downloading multidict-4.6.1.tar.gz (115 kB)
Downloading rasa_sdk-1.7.0-py3-none-any.whl (37 kB)
Downloading rasa_sdk-1.6.1-py2.py3-none-any.whl (32 kB)
Downloading rasa_sdk-1.5.2-py2.py3-none-any.whl (32 kB)
Downloading rasa_sdk-1.4.0-py2.py3-none-any.whl (32 kB)
Downloading questionary-1.9.0-py3-none-any.whl (32 kB)
Downloading jsonschema-2.6.0-py2.py3-none-any.whl (39 kB)

Downloading rasa-1.7.3-py3-none-any.whl (575 kB)
Downloading rasa-1.7.2-py3-none-any.whl (575 kB)
Downloading rasa-1.7.1-py3-none-any.whl (574 kB)
Downloading rasa-1.7.0-py3-none-any.whl (573 kB)
Downloading rasa-1.6.2-py3-none-any.whl (559 kB)

Downloading rasa-1.6.1-py3-none-any.whl (559 kB)

Downloading rasa-1.6.0-py3-none-any.whl (558 kB)
Downloading rasa-1.5.3-py3-none-any.whl (530 kB)


Downloading rasa-1.5.2-py3-none-any.whl (529 kB)
Downloading rasa-1.5.1-py3-none-any.whl (529 kB)
Downloading rasa-1.5.0-py3-none-any.whl (527 kB)
Downloading rasa-1.4.6-py3-none-any.whl (518 kB)

Downloading rasa-1.4.5-py3-none-any.whl (517 kB)
Downloading rasa-1.4.4-py3-none-any.whl (517 kB)
Downloading rasa-1.4.3-py3-none-any.whl (518 kB)

Using cached absl_py-0.11.0-py3-none-any.whl (127 kB)
Downloading networkx-2.3.zip (1.7 MB)
Downloading simplejson-3.17.2.tar.gz (83 kB)
Downloading Sanic_Cors-0.9.9.post4-py2.py3-none-any.whl (16 kB)
Downloading pymongo-3.11.2-cp39-cp39-win_amd64.whl (383 kB)
Downloading sanic-19.3.1-py3-none-any.whl (60 kB)
Downloading fakeredis-1.4.5-py3-none-any.whl (35 kB)
Downloading rasa_sdk-1.3.3-py2.py3-none-any.whl (32 kB)
Downloading urllib3-1.24.3-py2.py3-none-any.whl (118 kB)
Downloading rasa_sdk-1.0.0-py2.py3-none-any.whl (22 kB)

Downloading rasa-1.4.2-py3-none-any.whl (516 kB)
Downloading rasa-1.4.1-py3-none-any.whl (516 kB)
Downloading rasa-1.4.0-py3-none-any.whl (515 kB)
Downloading rasa-1.3.10-py3-none-any.whl (507 kB)
Downloading rasa-1.3.9-py3-none-any.whl (506 kB)
Downloading rasa-1.3.8-py3-none-any.whl (505 kB)
Downloading rasa-1.3.7-py3-none-any.whl (505 kB)
Downloading rasa-1.3.6-py3-none-any.whl (505 kB)
Downloading rasa-1.3.4-py3-none-any.whl (504 kB)
Downloading rasa-1.3.3-py3-none-any.whl (503 kB)
Downloading rasa-1.3.2-py3-none-any.whl (502 kB)
Downloading rasa-1.3.1-py3-none-any.whl (502 kB)
Downloading rasa-1.3.0-py3-none-any.whl (502 kB)
Downloading rasa-1.2.12-py3-none-any.whl (471 kB)
Downloading rasa-1.2.11-py3-none-any.whl (471 kB)
Downloading rasa-1.2.10-py3-none-any.whl (471 kB)
Downloading rasa-1.2.9-py3-none-any.whl (471 kB)
Downloading rasa-1.2.8-py3-none-any.whl (471 kB)
Downloading rasa-1.2.7-py3-none-any.whl (471 kB)
Downloading rasa-1.2.6-py3-none-any.whl (470 kB)
Downloading rasa-1.2.5-py3-none-any.whl (470 kB)
Downloading rasa-1.2.4-py3-none-any.whl (469 kB)
Downloading rasa-1.2.3-py3-none-any.whl (469 kB)
Downloading rasa-1.2.2-py3-none-any.whl (468 kB)
Downloading rasa-1.2.1-py3-none-any.whl (468 kB)
Downloading rasa-1.2.0-py3-none-any.whl (468 kB)
Downloading rasa-1.1.8-py3-none-any.whl (464 kB)
Downloading rasa-1.1.7-py3-none-any.whl (455 kB)
Downloading rasa-1.1.6-py3-none-any.whl (453 kB)
Downloading rasa-1.1.5-py3-none-any.whl (452 kB)
Downloading rasa-1.1.4-py3-none-any.whl (447 kB)
Downloading rasa-1.1.3-py3-none-any.whl (446 kB)
Downloading rasa-1.1.2-py3-none-any.whl (444 kB)
Downloading rasa-1.1.1-py3-none-any.whl (444 kB)
Downloading rasa-1.1.0-py3-none-any.whl (444 kB)
Downloading rasa-1.0.9-py3-none-any.whl (440 kB)
Downloading rasa-1.0.8-py3-none-any.whl (440 kB)
Downloading rasa-1.0.7-py3-none-any.whl (439 kB)
Downloading rasa-1.0.6-py3-none-any.whl (438 kB)
Downloading rasa-1.0.5-py3-none-any.whl (438 kB)
Downloading rasa-1.0.4-py3-none-any.whl (438 kB)
Downloading rasa-1.0.3-py3-none-any.whl (438 kB)
Downloading rasa-1.0.2-py3-none-any.whl (438 kB)
Downloading rasa-1.0.1-py3-none-any.whl (436 kB)
Downloading rasa-1.0.0-py3-none-any.whl (436 kB)
Downloading rasa-0.1.1-py3-none-any.whl (6.1 kB)
Downloading rasa_core-0.14.5-py3-none-any.whl (212 kB)
Downloading rasa_nlu-0.15.1-py3-none-any.whl (147 kB)
Downloading networkx-2.5-py3-none-any.whl (1.6 MB)
Downloading redis-2.10.6-py2.py3-none-any.whl (64 kB)
Downloading Flask_Cors-3.0.10-py2.py3-none-any.whl (14 kB)
Downloading fbmessenger-5.6.0-py2.py3-none-any.whl (11 kB)
Downloading Flask-1.1.2-py2.py3-none-any.whl (94 kB)
Downloading Flask-JWT-Simple-0.0.3.tar.gz (6.9 kB)
Downloading pika-0.12.0-py2.py3-none-any.whl (108 kB)
Downloading fakeredis-0.10.3-py2.py3-none-any.whl (27 kB)
Downloading rasa_core_sdk-0.13.1-py2.py3-none-any.whl (20 kB)
Downloading Keras_Applications-1.0.6-py2.py3-none-any.whl (44 kB)
<b>INFO: pip is looking at multiple versions of rasa to determine which version is compatible with other requirements. This could take a while.</b>
Downloading rasa_core-0.14.4-py3-none-any.whl (212 kB)
Downloading rasa_core-0.12.3-py2.py3-none-any.whl (204 kB)
...
Downloading rasa_core-0.8.6-py2.py3-none-any.whl (103 kB)
Downloading rasa_core-0.7.0.tar.gz (60 kB)
Downloading pykwalify-1.6.0-py2.py3-none-any.whl (38 kB)
Downloading ConfigArgParse-0.13.0.tar.gz (31 kB)
Downloading PyYAML-3.13.tar.gz (270 kB)
Downloading scikit-learn-0.19.2.tar.gz (9.7 MB)
Downloading pika-0.11.2-py2.py3-none-any.whl (107 kB)
Downloading python_telegram_bot-10.1.0-py2.py3-none-any.whl (298 kB)
Downloading prompt_toolkit-1.0.14-py3-none-any.whl (248 kB)
Downloading python_engineio-3.14.2-py2.py3-none-any.whl (51 kB)
Downloading future-0.18.2.tar.gz (829 kB)
Downloading jsonpickle-0.9.6.tar.gz (67 kB)
Downloading PyInquirer-1.0.3.tar.gz (27 kB)
Downloading graphviz-0.9-py2.py3-none-any.whl (16 kB)
Downloading graphviz-0.8.4-py2.py3-none-any.whl (16 kB)
Downloading Keras-2.4.3-py2.py3-none-any.whl (36 kB)
Downloading rasa_core_sdk-0.11.5-py2.py3-none-any.whl (14 kB)
Downloading rasa_nlu-0.11.5.tar.gz (55 kB)
Downloading pandoc-1.0.2.tar.gz (488 kB)
Downloading graphviz-0.16-py2.py3-none-any.whl (19 kB)
Downloading python_telegram_bot-13.1-py3-none-any.whl (422 kB)
Downloading slackclient-2.9.3-py2.py3-none-any.whl (96 kB)
Downloading rasa_core-0.8.5.tar.gz (76 kB)
Using cached six-1.15.0-py2.py3-none-any.whl (10 kB)
Downloading redis-3.5.3-py2.py3-none-any.whl (72 kB)
Downloading nbsphinx-0.8.1-py3-none-any.whl (24 kB)
Downloading typing-3.7.4.3.tar.gz (78 kB)
Downloading rasa-0.1.0-py3-none-any.whl (6.1 kB)
Downloading rasa-0.0.5.tar.gz (5.5 kB)
Downloading rasa-0.0.4.tar.gz (5.0 kB)
Downloading rasa-0.0.3.tar.gz (4.7 kB)
Downloading rasa-0.0.2.tar.gz (3.9 kB)
Downloading rasa-0.0.1.tar.gz (1.6 kB)
Downloading urllib3-1.26.2-py2.py3-none-any.whl (136 kB)
Downloading chardet-4.0.0-py2.py3-none-any.whl (178 kB)
Requirement already satisfied: certifi>=2017.4.17 in e:\anaconda3\envs\rasa\lib\site-packages (from requests &lt; 3.0,>=2.23->rasa->-r C:\Users\ashish\Desktop\code\condaenv.fjji_o0b.requirements.txt (line 1)) (2020.12.5)
Using cached idna-2.10-py2.py3-none-any.whl (58 kB)
Building wheels for collected packages: rasa
Building wheel for rasa (setup.py): started
Building wheel for rasa (setup.py): finished with status 'done'
Created wheel for rasa: filename=rasa-0.0.5-py3-none-any.whl size=6115 sha256=21f60ab11f975e9f4855f730b54d316cac6d4864420dd62e945dfc6091330085
Stored in directory: c:\users\ashish\appdata\local\pip\cache\wheels\16\9b\e5\589820b8a86bcf14b1020a72bab300d7f853c133075a6f3d72
Successfully built rasa
Installing collected packages: urllib3, idna, chardet, requests, rasa
Successfully installed chardet-4.0.0 idna-2.10 rasa-0.0.5 requests-2.25.1 urllib3-1.26.2

done
#
# To activate this environment, use
#
#     $ conda activate rasa
#
# To deactivate an active environment, use
#
#     $ conda deactivate </i>

<b>TESTING:::::</b>

(base) C:\Users\ashish\Desktop\code>conda activate rasa

(rasa) C:\Users\ashish\Desktop\code>pip show rasa-nlu
WARNING: Package(s) not found: rasa-nlu

(rasa) C:\Users\ashish\Desktop\code>pip show rasa_nlu
WARNING: Package(s) not found: rasa_nlu

(rasa) C:\Users\ashish\Desktop\code>pip show rasa-core
WARNING: Package(s) not found: rasa-core

(rasa) C:\Users\ashish\Desktop\code>pip show rasa_core
WARNING: Package(s) not found: rasa_core

(rasa) C:\Users\ashish\Desktop\code>pip show rasa
Name: rasa
Version: 0.0.5
Summary: A wrapper Cisco ASA REST API
Home-page: http://networklore.com/rasa/
Author: Patrick Ogenstad
Author-email: patrick@ogenstad.com
License: Apache
Location: e:\anaconda3\envs\rasa\lib\site-packages
Requires: requests
Required-by:

The Cisco ASA is a security device that combines firewall, antivirus, intrusion prevention, and virtual private network (VPN) capabilities. It provides proactive threat defense that stops attacks before they spread through the network.

<b>This is not what we were looking for. RASA is a chatbot framework.</b>

<b>Another failure while trying out RASA installation using "pip3".
The error we get is: "ModuleNotFoundError: No module named 'pypandoc'"
This error is fixed by using the Python version 3.8 as said in RASA Installation Docs. Our version of Python was 3.9.</b>

(base) C:\Users\ashish>conda create -n myenv python

<i style="color: green;">Collecting package metadata (current_repodata.json): done
Solving environment: done

## Package Plan ##

environment location: e:\Anaconda3\envs\myenv

added / updated specs:
  - python


The following packages will be downloaded:

  package                    |            build
  ---------------------------|-----------------
  ca-certificates-2021.1.19  |       haa95532_0         122 KB
  certifi-2020.12.5          |   py39haa95532_0         141 KB
  openssl-1.1.1i             |       h2bbff1b_0         4.8 MB
  pip-20.3.3                 |   py39haa95532_0         1.8 MB
  python-3.9.1               |       h6244533_2        16.4 MB
  setuptools-52.0.0          |   py39haa95532_0         725 KB
  tzdata-2020f               |       h52ac0ba_0         113 KB
  vc-14.2                    |       h21ff451_1           8 KB
  vs2015_runtime-14.27.29016 |       h5e58377_2        1007 KB
  wheel-0.36.2               |     pyhd3eb1b0_0          33 KB
  wincertstore-0.2           |   py39h2bbff1b_0          15 KB
  ------------------------------------------------------------
                                         Total:        25.1 MB

The following NEW packages will be INSTALLED:

ca-certificates    pkgs/main/win-64::ca-certificates-2021.1.19-haa95532_0
certifi            pkgs/main/win-64::certifi-2020.12.5-py39haa95532_0
openssl            pkgs/main/win-64::openssl-1.1.1i-h2bbff1b_0
pip                pkgs/main/win-64::pip-20.3.3-py39haa95532_0
python             pkgs/main/win-64::python-3.9.1-h6244533_2
setuptools         pkgs/main/win-64::setuptools-52.0.0-py39haa95532_0
sqlite             pkgs/main/win-64::sqlite-3.33.0-h2a8f88b_0
tzdata             pkgs/main/noarch::tzdata-2020f-h52ac0ba_0
vc                 pkgs/main/win-64::vc-14.2-h21ff451_1
vs2015_runtime     pkgs/main/win-64::vs2015_runtime-14.27.29016-h5e58377_2
wheel              pkgs/main/noarch::wheel-0.36.2-pyhd3eb1b0_0
wincertstore       pkgs/main/win-64::wincertstore-0.2-py39h2bbff1b_0
zlib               pkgs/main/win-64::zlib-1.2.11-h62dcd97_4

Proceed ([y]/n)? y </i>

<i style="color: blue;">(base) C:\Users\ashish>conda activate myenv </i>

<i style="color: blue;">(myenv) C:\Users\ashish>pip3 install rasa</i>
<i style="color: red;">Collecting rasa
Using cached rasa-1.10.2-py3-none-any.whl (510 kB)
...
Using cached rasa-1.6.1-py3-none-any.whl (559 kB)
Requirement already satisfied: setuptools>=41.0.0 in e:\anaconda3\envs\myenv\lib\site-packages (from rasa) (52.0.0.post20210125)
Using cached rasa-1.6.0-py3-none-any.whl (558 kB)
...
Using cached rasa-0.1.1-py3-none-any.whl (6.1 kB)
Collecting rasa-core
Using cached rasa_core-0.14.5-py3-none-any.whl (212 kB)
...
Using cached rasa_core-0.7.9.tar.gz (61 kB)
  ERROR: Command errored out with exit status 1:
   command: 'e:\Anaconda3\envs\myenv\python.exe' -c 'import sys, setuptools, tokenize; sys.argv[0] = '"'"'C:\\Users\\ashish\\AppData\\Local\\Temp\\pip-install-ah9j5xnw\\rasa-core_5c8978c463de41d99df016553e2821a4\\setup.py'"'"'; __file__='"'"'C:\\Users\\ashish\\AppData\\Local\\Temp\\pip-install-ah9j5xnw\\rasa-core_5c8978c463de41d99df016553e2821a4\\setup.py'"'"';f=getattr(tokenize, '"'"'open'"'"', open)(__file__);code=f.read().replace('"'"'\r\n'"'"', '"'"'\n'"'"');f.close();exec(compile(code, __file__, '"'"'exec'"'"'))' egg_info --egg-base 'C:\Users\ashish\AppData\Local\Temp\pip-pip-egg-info-98hq0mod'
       cwd: C:\Users\ashish\AppData\Local\Temp\pip-install-ah9j5xnw\rasa-core_5c8978c463de41d99df016553e2821a4\
  Complete output (14 lines):
  Traceback (most recent call last):
    File "C:\Users\ashish\AppData\Local\Temp\pip-install-ah9j5xnw\rasa-core_5c8978c463de41d99df016553e2821a4\setup.py", line 9, in module
      import pypandoc
  <b>ModuleNotFoundError: No module named 'pypandoc'</b>

  During handling of the above exception, another exception occurred:

  Traceback (most recent call last):
    File "string", line 1, in module
    File "C:\Users\ashish\AppData\Local\Temp\pip-install-ah9j5xnw\rasa-core_5c8978c463de41d99df016553e2821a4\setup.py", line 12, in module
      readme = open('README.md').read()
    File "e:\Anaconda3\envs\myenv\lib\encodings\cp1252.py", line 23, in decode
      return codecs.charmap_decode(input,self.errors,decoding_table)[0]
  UnicodeDecodeError: 'charmap' codec can't decode byte 0x9d in position 882: character maps to undefined
  ----------------------------------------
ERROR: Command errored out with exit status 1: python setup.py egg_info Check the logs for full command output.

(myenv) C:\Users\ashish> </i>

Error is due to not using correct version of Python to work with RASA:

(erasa) C:\Users\ashish\Desktop\code>python
Python 3.9.1 (default, Dec 11 2020, 09:29:25) [MSC v.1916 64 bit (AMD64)] :: Anaconda, Inc. on win32
Type "help", "copyright", "credits" or "license" for more information.
>>>

WE NEED A LOWER VERSION OF PYTHON:

Dated: 26-Jan-2021
You can install Rasa Open Source using pip (requires Python 3.6, 3.7 or 3.8).

According to this <a href="https://rasa.com/docs/rasa/installation/" target="_blank">link: RASA Docs</a>  

<b>For Installation of RASA on Windows, you need "Microsoft Visual C++ 14.0 is required. Get it with 'Build Tools for Visual Studio'". </b>

<i style="color: red;">running build_ext
building 'twisted.test.raiser' extension
<b>error: Microsoft Visual C++ 14.0 is required. Get it with "Build Tools for Visual Studio": https://visualstudio.microsoft.com/downloads/</b>
----------------------------------------
ERROR: Failed building wheel for Twisted
  ERROR: Command errored out with exit status 1:
  command: 'e:\Anaconda3\envs\erasa3\python.exe' -u -c 'import sys, setuptools, tokenize; sys.argv[0] = '"'"'C:\\Users\\ashish\\AppData\\Local\\Temp\\pip-install-fpvqt_cw\\twisted_d52b02a3aff44d87b026985a9469039a\\setup.py'"'"'; __file__='"'"'C:\\Users\\ashish\\AppData\\Local\\Temp\\pip-install-fpvqt_cw\\twisted_d52b02a3aff44d87b026985a9469039a\\setup.py'"'"';f=getattr(tokenize, '"'"'open'"'"', open)(__file__);code=f.read().replace('"'"'\r\n'"'"', '"'"'\n'"'"');f.close();exec(compile(code, __file__, '"'"'exec'"'"'))' install --record 'C:\Users\ashish\AppData\Local\Temp\pip-record-exf7fho7\install-record.txt' --single-version-externally-managed --compile --install-headers 'e:\Anaconda3\envs\erasa3\Include\Twisted'
      cwd: C:\Users\ashish\AppData\Local\Temp\pip-install-fpvqt_cw\twisted_d52b02a3aff44d87b026985a9469039a\ 
Check the logs for full command output.

failed
CondaEnvException: Pip failed </i> 
<div style="display: none;">Technology,Python,Machine Learning,Natural Language Processing,Anaconda</div></pre>
